<?xml version="1.0" encoding="UTF-8"?>
<!-- Generated by org.testng.reporters.JUnitReportReporter -->
<testsuite name="RunnerTest" tests="2" time="36.261" ignored="0" failures="0" timestamp="06 Apr 2017 22:11:23 GMT" skipped="0" hostname="DESKTOP-AJ9R1Q1" errors="0">
  <testcase name="feature" time="36.238" classname="RunnerTest"/>
  <testcase name="feature" time="0.023" classname="RunnerTest"/>
</testsuite> <!-- RunnerTest -->
