<?xml version="1.0" encoding="UTF-8"?>
<!-- Generated by org.testng.reporters.JUnitReportReporter -->
<testsuite name="RunnerTest" tests="1" time="85.822" ignored="0" failures="0" timestamp="25 Jan 2017 03:15:10 GMT" skipped="0" hostname="ADMIN-PC" errors="0">
  <testcase name="feature" time="85.822" classname="RunnerTest"/>
</testsuite> <!-- RunnerTest -->
